<?xml version="1.0" encoding="UTF-8"?>
<testsuites name="Mocha Tests" time="0.699" tests="5" failures="0">
  <testsuite name="Root Suite" timestamp="2020-06-28T06:46:45" tests="0" file="cypress/e2e/tests.js" failures="0" time="0">
  </testsuite>
  <testsuite name="E2E tests" timestamp="2020-06-28T06:46:45" tests="5" failures="0" time="0.699">
    <testcase name="E2E tests file with test data exists" time="0.034" classname="file with test data exists">
    </testcase>
    <testcase name="E2E tests output.txt file with expected data is created" time="0.388" classname="output.txt file with expected data is created">
    </testcase>
    <testcase name="E2E tests users within a 100Km radius from the Dublin office can be selected" time="0.095" classname="users within a 100Km radius from the Dublin office can be selected">
    </testcase>
    <testcase name="E2E tests users within a 400Km radius from the Dublin office can be selected" time="0.095" classname="users within a 400Km radius from the Dublin office can be selected">
    </testcase>
    <testcase name="E2E tests list of users can be read from stdin" time="0.087" classname="list of users can be read from stdin">
    </testcase>
  </testsuite>
</testsuites>