<?xml version="1.0" encoding="UTF-8"?>
<testsuites name="Mocha Tests" time="0.857" tests="5" failures="0">
  <testsuite name="Root Suite" timestamp="2020-07-02T21:24:16" tests="0" file="cypress/e2e/tests.js" failures="0" time="0">
  </testsuite>
  <testsuite name="E2E tests" timestamp="2020-07-02T21:24:16" tests="5" failures="0" time="0.857">
    <testcase name="E2E tests file with test data exists" time="0.036" classname="file with test data exists">
    </testcase>
    <testcase name="E2E tests output.txt file with expected data is created" time="0.49" classname="output.txt file with expected data is created">
    </testcase>
    <testcase name="E2E tests users within a 100Km radius from the Dublin office can be filtered" time="0.115" classname="users within a 100Km radius from the Dublin office can be filtered">
    </testcase>
    <testcase name="E2E tests list of filtered users is sorted by user Id" time="0.107" classname="list of filtered users is sorted by user Id">
    </testcase>
    <testcase name="E2E tests list of users can be read from stdin" time="0.109" classname="list of users can be read from stdin">
    </testcase>
  </testsuite>
</testsuites>